00:02:21.291 [main] DEBUG org.apache.poi.openxml4j.opc.PackageRelationshipCollection - Parsing relationship: /xl/worksheets/_rels/sheet1.xml.rels
00:02:21.294 [main] DEBUG org.apache.poi.openxml4j.opc.PackageRelationshipCollection - Parsing relationship: /_rels/.rels
00:02:21.306 [main] DEBUG org.apache.poi.openxml4j.opc.PackageRelationshipCollection - Parsing relationship: /xl/_rels/workbook.xml.rels
00:02:21.306 [main] DEBUG org.apache.poi.openxml4j.opc.PackageRelationshipCollection - Parsing relationship: /xl/worksheets/_rels/sheet1.xml.rels
00:02:21.307 [main] DEBUG org.apache.poi.openxml4j.opc.PackageRelationshipCollection - Parsing relationship: /_rels/.rels
00:02:21.331 [main] INFO  testCases.TC001_VerifyLoginFunctionality - ** TC001_VerifyLoginFunctionality started **
00:02:21.716 [main] INFO  testCases.TC001_VerifyLoginFunctionality - Credentials are entered
00:02:21.725 [main] INFO  testCases.TC001_VerifyLoginFunctionality - Validate page url
00:02:21.725 [main] INFO  testCases.TC001_VerifyLoginFunctionality - Login successfull
00:02:21.827 [main] INFO  testCases.TC001_VerifyLoginFunctionality - clicked on Open Menu
00:02:21.977 [main] INFO  testCases.TC001_VerifyLoginFunctionality - Successfully Logout
00:02:21.981 [main] INFO  testCases.TC001_VerifyLoginFunctionality - Validate successful
00:02:21.981 [main] INFO  testCases.TC001_VerifyLoginFunctionality - ** TC001_VerifyLoginFunctionality Finished **
00:02:21.985 [main] INFO  testCases.TC001_VerifyLoginFunctionality - ** TC001_VerifyLoginFunctionality started **
00:02:22.349 [main] INFO  testCases.TC001_VerifyLoginFunctionality - Credentials are entered
00:02:22.390 [main] INFO  testCases.TC001_VerifyLoginFunctionality - Validate error message
00:02:22.390 [main] INFO  testCases.TC001_VerifyLoginFunctionality - ** TC001_VerifyLoginFunctionality Finished **
00:02:22.393 [main] INFO  testCases.TC001_VerifyLoginFunctionality - ** TC001_VerifyLoginFunctionality started **
00:02:22.723 [main] INFO  testCases.TC001_VerifyLoginFunctionality - Credentials are entered
00:02:22.752 [main] INFO  testCases.TC001_VerifyLoginFunctionality - Validate error message
00:02:22.752 [main] INFO  testCases.TC001_VerifyLoginFunctionality - ** TC001_VerifyLoginFunctionality Finished **
00:02:22.755 [main] INFO  testCases.TC001_VerifyLoginFunctionality - ** TC001_VerifyLoginFunctionality started **
00:02:23.052 [main] INFO  testCases.TC001_VerifyLoginFunctionality - Credentials are entered
00:02:23.063 [main] INFO  testCases.TC001_VerifyLoginFunctionality - Validate page url
00:02:23.063 [main] INFO  testCases.TC001_VerifyLoginFunctionality - Login successfull
00:02:23.120 [main] INFO  testCases.TC001_VerifyLoginFunctionality - clicked on Open Menu
00:02:23.341 [main] INFO  testCases.TC001_VerifyLoginFunctionality - Successfully Logout
00:02:23.341 [main] INFO  testCases.TC001_VerifyLoginFunctionality - Validate successful
00:02:23.341 [main] INFO  testCases.TC001_VerifyLoginFunctionality - ** TC001_VerifyLoginFunctionality Finished **
00:02:23.347 [main] INFO  testCases.TC001_VerifyLoginFunctionality - ** TC001_VerifyLoginFunctionality started **
00:02:23.880 [main] INFO  testCases.TC001_VerifyLoginFunctionality - Credentials are entered
00:02:23.895 [main] INFO  testCases.TC001_VerifyLoginFunctionality - actualResultEpic sadface: Username is required
00:02:23.895 [main] INFO  testCases.TC001_VerifyLoginFunctionality - Validate error message
00:02:23.895 [main] INFO  testCases.TC001_VerifyLoginFunctionality - ** TC001_VerifyLoginFunctionality Finished **
00:02:23.897 [main] INFO  testCases.TC001_VerifyLoginFunctionality - ** TC001_VerifyLoginFunctionality started **
00:02:24.201 [main] INFO  testCases.TC001_VerifyLoginFunctionality - Credentials are entered
00:02:24.224 [main] INFO  testCases.TC001_VerifyLoginFunctionality - Validate error message
00:02:24.225 [main] INFO  testCases.TC001_VerifyLoginFunctionality - ** TC001_VerifyLoginFunctionality Finished **
00:02:24.229 [main] INFO  testCases.TC001_VerifyLoginFunctionality - ** TC001_VerifyLoginFunctionality started **
00:02:29.707 [main] INFO  testCases.TC001_VerifyLoginFunctionality - Credentials are entered
00:02:29.722 [main] INFO  testCases.TC001_VerifyLoginFunctionality - Validate page url
00:02:29.722 [main] INFO  testCases.TC001_VerifyLoginFunctionality - Login successfull
00:02:29.800 [main] INFO  testCases.TC001_VerifyLoginFunctionality - clicked on Open Menu
00:02:29.973 [main] INFO  testCases.TC001_VerifyLoginFunctionality - Successfully Logout
00:02:29.973 [main] INFO  testCases.TC001_VerifyLoginFunctionality - Validate successful
00:02:29.973 [main] INFO  testCases.TC001_VerifyLoginFunctionality - ** TC001_VerifyLoginFunctionality Finished **
00:02:29.976 [main] INFO  testCases.TC001_VerifyLoginFunctionality - ** TC001_VerifyLoginFunctionality started **
00:02:30.363 [main] INFO  testCases.TC001_VerifyLoginFunctionality - Credentials are entered
00:02:30.377 [main] INFO  testCases.TC001_VerifyLoginFunctionality - Validate page url
